source=rack-timeout id=308e16aacecfe971dfdf564614ceb9d4 timeout=15000ms state=ready

source=rack-timeout id=308e16aacecfe971dfdf564614ceb9d4 timeout=15000ms service=9ms state=active

Started GET "/" for ::1 at 2016-04-06 22:35:32 +0300
Processing by StaticController#index as HTML
  Rendered static/index4.html.erb within layouts/application (3.0ms)
Completed 200 OK in 395ms (Views: 394.3ms | ActiveRecord: 0.0ms)
source=rack-timeout id=308e16aacecfe971dfdf564614ceb9d4 timeout=15000ms service=455ms state=completed
source=rack-timeout id=97fa6cc95508f02d13e828790805201d timeout=15000ms state=ready
source=rack-timeout id=97fa6cc95508f02d13e828790805201d timeout=15000ms service=5ms state=active


Started GET "/assets/jquery.self.js?body=1" for ::1 at 2016-04-06 22:35:32 +0300
source=rack-timeout id=97fa6cc95508f02d13e828790805201d timeout=15000ms service=43ms state=completed
source=rack-timeout id=524c240afa98fee0b0faa9aa58161131 timeout=15000ms state=ready
source=rack-timeout id=524c240afa98fee0b0faa9aa58161131 timeout=15000ms service=27ms state=active


Started GET "/assets/jquery_ujs.self.js?body=1" for ::1 at 2016-04-06 22:35:32 +0300
source=rack-timeout id=524c240afa98fee0b0faa9aa58161131 timeout=15000ms service=48ms state=completed
source=rack-timeout id=767b8dff8e03418058c00e0f00ef684f timeout=15000ms state=ready
source=rack-timeout id=767b8dff8e03418058c00e0f00ef684f timeout=15000ms service=1ms state=active


Started GET "/assets/jquery-ui/core.self.js?body=1" for ::1 at 2016-04-06 22:35:32 +0300
source=rack-timeout id=767b8dff8e03418058c00e0f00ef684f timeout=15000ms service=28ms state=completed
source=rack-timeout id=aec436c7b8bc76a7bfcd64d791f87fe0 timeout=15000ms state=ready
source=rack-timeout id=aec436c7b8bc76a7bfcd64d791f87fe0 timeout=15000ms service=2ms state=active


Started GET "/assets/jquery-ui/widget.self.js?body=1" for ::1 at 2016-04-06 22:35:32 +0300
source=rack-timeout id=aec436c7b8bc76a7bfcd64d791f87fe0 timeout=15000ms service=33ms state=completed
source=rack-timeout id=9959d2779c9a50123bf41c6f2994d25d timeout=15000ms state=ready
source=rack-timeout id=9959d2779c9a50123bf41c6f2994d25d timeout=15000ms service=0ms state=active


Started GET "/assets/jquery-ui/position.self.js?body=1" for ::1 at 2016-04-06 22:35:32 +0300
source=rack-timeout id=9959d2779c9a50123bf41c6f2994d25d timeout=15000ms service=44ms state=completed
source=rack-timeout id=54d54c05d00e662dc4e01151d6eb3fb3 timeout=15000ms state=ready
source=rack-timeout id=54d54c05d00e662dc4e01151d6eb3fb3 timeout=15000ms service=1ms state=active


Started GET "/assets/jquery-ui/autocomplete.self.js?body=1" for ::1 at 2016-04-06 22:35:32 +0300
source=rack-timeout id=54d54c05d00e662dc4e01151d6eb3fb3 timeout=15000ms service=39ms state=completed
source=rack-timeout id=41d0e6e44340ac65ef847f40d9505883 timeout=15000ms state=ready
source=rack-timeout id=41d0e6e44340ac65ef847f40d9505883 timeout=15000ms service=4ms state=active


Started GET "/assets/jquery-ui/menu.self.js?body=1" for ::1 at 2016-04-06 22:35:32 +0300
source=rack-timeout id=41d0e6e44340ac65ef847f40d9505883 timeout=15000ms service=44ms state=completed
source=rack-timeout id=be617ea2392c0d56d761ebcc14dd25d9 timeout=15000ms state=ready
source=rack-timeout id=be617ea2392c0d56d761ebcc14dd25d9 timeout=15000ms service=1ms state=active


Started GET "/assets/jquery-ui/effect.self.js?body=1" for ::1 at 2016-04-06 22:35:32 +0300
source=rack-timeout id=be617ea2392c0d56d761ebcc14dd25d9 timeout=15000ms service=42ms state=completed
source=rack-timeout id=3c068c5ba4409b70636ad25e5dece0ee timeout=15000ms state=ready
source=rack-timeout id=3c068c5ba4409b70636ad25e5dece0ee timeout=15000ms service=1ms state=active


Started GET "/assets/jquery-ui/mouse.self.js?body=1" for ::1 at 2016-04-06 22:35:32 +0300
source=rack-timeout id=3c068c5ba4409b70636ad25e5dece0ee timeout=15000ms service=20ms state=completed
source=rack-timeout id=4441272f1e2865816c3856da2abba910 timeout=15000ms state=ready
source=rack-timeout id=4441272f1e2865816c3856da2abba910 timeout=15000ms service=0ms state=active


Started GET "/assets/jquery-ui/sortable.self.js?body=1" for ::1 at 2016-04-06 22:35:32 +0300
source=rack-timeout id=4441272f1e2865816c3856da2abba910 timeout=15000ms service=16ms state=completed
source=rack-timeout id=e6c503f6daab8dcdbbc15c68b20a66ff timeout=15000ms state=ready
source=rack-timeout id=e6c503f6daab8dcdbbc15c68b20a66ff timeout=15000ms service=1ms state=active


Started GET "/assets/autocomplete-rails.self.js?body=1" for ::1 at 2016-04-06 22:35:33 +0300
source=rack-timeout id=e6c503f6daab8dcdbbc15c68b20a66ff timeout=15000ms service=14ms state=completed
source=rack-timeout id=9fff67a86e582732fb01e9d99355f5bb timeout=15000ms state=ready
source=rack-timeout id=9fff67a86e582732fb01e9d99355f5bb timeout=15000ms service=0ms state=active


Started GET "/assets/bootstrap.self.js?body=1" for ::1 at 2016-04-06 22:35:33 +0300
source=rack-timeout id=9fff67a86e582732fb01e9d99355f5bb timeout=15000ms service=13ms state=completed
source=rack-timeout id=10e56f23ba5d8fde1927038c6913e5d4 timeout=15000ms state=ready
source=rack-timeout id=10e56f23ba5d8fde1927038c6913e5d4 timeout=15000ms service=1ms state=active


Started GET "/assets/application.self.js?body=1" for ::1 at 2016-04-06 22:35:33 +0300
source=rack-timeout id=10e56f23ba5d8fde1927038c6913e5d4 timeout=15000ms service=26ms state=completed
source=rack-timeout id=d6deefa10900e428bf752c2ebd13d0be timeout=15000ms state=ready
source=rack-timeout id=d6deefa10900e428bf752c2ebd13d0be timeout=15000ms service=0ms state=active


Started GET "/assets/cocoon.self.js?body=1" for ::1 at 2016-04-06 22:35:33 +0300
source=rack-timeout id=d6deefa10900e428bf752c2ebd13d0be timeout=15000ms service=12ms state=completed
source=rack-timeout id=ecfc4178464d1d89ad7857cc3f95030b timeout=15000ms state=ready
source=rack-timeout id=ecfc4178464d1d89ad7857cc3f95030b timeout=15000ms service=1ms state=active


Started GET "/" for ::1 at 2016-04-06 22:37:56 +0300
Processing by StaticController#index as HTML
  Rendered static/index4.html.erb within layouts/application (3.1ms)
Completed 200 OK in 711ms (Views: 710.5ms | ActiveRecord: 0.0ms)
source=rack-timeout id=ecfc4178464d1d89ad7857cc3f95030b timeout=15000ms service=770ms state=completed
source=rack-timeout id=d50803d3aeaad8c60e30779bcaaf28ac timeout=15000ms state=ready
source=rack-timeout id=d50803d3aeaad8c60e30779bcaaf28ac timeout=15000ms service=0ms state=active


Started GET "/assets/jquery.self.js?body=1" for ::1 at 2016-04-06 22:37:56 +0300
source=rack-timeout id=d50803d3aeaad8c60e30779bcaaf28ac timeout=15000ms service=42ms state=completed
source=rack-timeout id=750705ba3d1c62a2ef42e3ba5e6d78b1 timeout=15000ms state=ready
source=rack-timeout id=750705ba3d1c62a2ef42e3ba5e6d78b1 timeout=15000ms service=0ms state=active


Started GET "/assets/jquery_ujs.self.js?body=1" for ::1 at 2016-04-06 22:37:56 +0300
source=rack-timeout id=750705ba3d1c62a2ef42e3ba5e6d78b1 timeout=15000ms service=25ms state=completed
source=rack-timeout id=10e72204787c7eb39c58b97b3e471d35 timeout=15000ms state=ready
source=rack-timeout id=10e72204787c7eb39c58b97b3e471d35 timeout=15000ms service=0ms state=active


Started GET "/assets/jquery-ui/core.self.js?body=1" for ::1 at 2016-04-06 22:37:56 +0300
source=rack-timeout id=10e72204787c7eb39c58b97b3e471d35 timeout=15000ms service=23ms state=completed
source=rack-timeout id=32e926d2a9617080cd03c6890fc6eace timeout=15000ms state=ready
source=rack-timeout id=32e926d2a9617080cd03c6890fc6eace timeout=15000ms service=1ms state=active


Started GET "/assets/jquery-ui/menu.self.js?body=1" for ::1 at 2016-04-06 22:37:56 +0300
source=rack-timeout id=32e926d2a9617080cd03c6890fc6eace timeout=15000ms service=21ms state=completed
source=rack-timeout id=5796764169f16dc30df3bf677f11ee0e timeout=15000ms state=ready
source=rack-timeout id=5796764169f16dc30df3bf677f11ee0e timeout=15000ms service=2ms state=active


Started GET "/assets/jquery-ui/widget.self.js?body=1" for ::1 at 2016-04-06 22:37:56 +0300
source=rack-timeout id=5796764169f16dc30df3bf677f11ee0e timeout=15000ms service=17ms state=completed
source=rack-timeout id=9f3b66e7df4523861f98c4c09fa567c2 timeout=15000ms state=ready
source=rack-timeout id=9f3b66e7df4523861f98c4c09fa567c2 timeout=15000ms service=0ms state=active


Started GET "/assets/jquery-ui/position.self.js?body=1" for ::1 at 2016-04-06 22:37:56 +0300
source=rack-timeout id=9f3b66e7df4523861f98c4c09fa567c2 timeout=15000ms service=19ms state=completed
source=rack-timeout id=d985b2fb892e8cf709971fff7425d56c timeout=15000ms state=ready

source=rack-timeout id=d985b2fb892e8cf709971fff7425d56c timeout=15000ms service=4ms state=active

Started GET "/assets/jquery-ui/autocomplete.self.js?body=1" for ::1 at 2016-04-06 22:37:57 +0300
source=rack-timeout id=d985b2fb892e8cf709971fff7425d56c timeout=15000ms service=24ms state=completed
source=rack-timeout id=5a4e1d0df232abcf7c480a41356b3e52 timeout=15000ms state=ready
source=rack-timeout id=5a4e1d0df232abcf7c480a41356b3e52 timeout=15000ms service=4ms state=active


Started GET "/assets/jquery-ui/effect.self.js?body=1" for ::1 at 2016-04-06 22:37:57 +0300
source=rack-timeout id=5a4e1d0df232abcf7c480a41356b3e52 timeout=15000ms service=24ms state=completed
source=rack-timeout id=8160a6650724ac9487a159d0598ee840 timeout=15000ms state=ready
source=rack-timeout id=8160a6650724ac9487a159d0598ee840 timeout=15000ms service=1ms state=active


Started GET "/assets/jquery-ui/mouse.self.js?body=1" for ::1 at 2016-04-06 22:37:57 +0300
source=rack-timeout id=8160a6650724ac9487a159d0598ee840 timeout=15000ms service=21ms state=completed
source=rack-timeout id=d71b415aef76d5432d5e05fc25176105 timeout=15000ms state=ready


Started GET "/assets/jquery-ui/sortable.self.js?body=1" for ::1 at 2016-04-06 22:37:57 +0300
source=rack-timeout id=d71b415aef76d5432d5e05fc25176105 timeout=15000ms service=1ms state=active
source=rack-timeout id=d71b415aef76d5432d5e05fc25176105 timeout=15000ms service=16ms state=completed
source=rack-timeout id=e8329fc43a110abb7f84f7bbaeb05bcf timeout=15000ms state=ready


source=rack-timeout id=e8329fc43a110abb7f84f7bbaeb05bcf timeout=15000ms service=1ms state=active
Started GET "/assets/autocomplete-rails.self.js?body=1" for ::1 at 2016-04-06 22:37:57 +0300
source=rack-timeout id=e8329fc43a110abb7f84f7bbaeb05bcf timeout=15000ms service=29ms state=completed
source=rack-timeout id=1b9b46af22b87cd126e03217d6e3de46 timeout=15000ms state=ready


Started GET "/assets/bootstrap.self.js?body=1" for ::1 at 2016-04-06 22:37:57 +0300
source=rack-timeout id=1b9b46af22b87cd126e03217d6e3de46 timeout=15000ms service=1ms state=active
source=rack-timeout id=1b9b46af22b87cd126e03217d6e3de46 timeout=15000ms service=30ms state=completed
source=rack-timeout id=bd767c0e98bcd9da802508235972cb17 timeout=15000ms state=ready


source=rack-timeout id=bd767c0e98bcd9da802508235972cb17 timeout=15000ms service=1ms state=active
Started GET "/assets/application.self.js?body=1" for ::1 at 2016-04-06 22:37:57 +0300
source=rack-timeout id=bd767c0e98bcd9da802508235972cb17 timeout=15000ms service=26ms state=completed
source=rack-timeout id=56c7692551231bce9fa7870dad2d3185 timeout=15000ms state=ready
source=rack-timeout id=56c7692551231bce9fa7870dad2d3185 timeout=15000ms service=1ms state=active


Started GET "/assets/cocoon.self.js?body=1" for ::1 at 2016-04-06 22:37:57 +0300
source=rack-timeout id=56c7692551231bce9fa7870dad2d3185 timeout=15000ms service=16ms state=completed
source=rack-timeout id=a3ead9851b0a0c62b6797e1ded53fc70 timeout=15000ms state=ready
source=rack-timeout id=a3ead9851b0a0c62b6797e1ded53fc70 timeout=15000ms service=3ms state=active


Started GET "/" for ::1 at 2016-04-06 22:38:21 +0300
Processing by StaticController#index as HTML
source=rack-timeout id=a3ead9851b0a0c62b6797e1ded53fc70 timeout=15000ms service=1002ms state=active
  Rendered static/index4.html.erb within layouts/application (2.4ms)
Completed 500 Internal Server Error in 1680ms (ActiveRecord: 0.0ms)

Sprockets::FileNotFound - couldn't find file 'bootstrap' with type 'application/javascript':
  sprockets (3.6.0) lib/sprockets/directive_processor.rb:182:in `rescue in block in process_directives'
  sprockets (3.6.0) lib/sprockets/directive_processor.rb:179:in `block in process_directives'
  sprockets (3.6.0) lib/sprockets/directive_processor.rb:178:in `process_directives'
  sprockets (3.6.0) lib/sprockets/directive_processor.rb:83:in `_call'
  sprockets (3.6.0) lib/sprockets/directive_processor.rb:68:in `call'
  sprockets (3.6.0) lib/sprockets/processor_utils.rb:75:in `call_processor'
  sprockets (3.6.0) lib/sprockets/processor_utils.rb:57:in `block in call_processors'
  sprockets (3.6.0) lib/sprockets/processor_utils.rb:56:in `call_processors'
  sprockets (3.6.0) lib/sprockets/loader.rb:134:in `load_from_unloaded'
  sprockets (3.6.0) lib/sprockets/loader.rb:60:in `block in load'
  sprockets (3.6.0) lib/sprockets/loader.rb:317:in `fetch_asset_from_dependency_cache'
  sprockets (3.6.0) lib/sprockets/loader.rb:44:in `load'
  sprockets (3.6.0) lib/sprockets/cached_environment.rb:20:in `block in initialize'
  sprockets (3.6.0) lib/sprockets/cached_environment.rb:47:in `load'
  sprockets (3.6.0) lib/sprockets/bundle.rb:23:in `block in call'
  sprockets (3.6.0) lib/sprockets/utils.rb:183:in `dfs'
  sprockets (3.6.0) lib/sprockets/bundle.rb:24:in `call'
  sprockets (3.6.0) lib/sprockets/processor_utils.rb:75:in `call_processor'
  sprockets (3.6.0) lib/sprockets/processor_utils.rb:57:in `block in call_processors'
  sprockets (3.6.0) lib/sprockets/processor_utils.rb:56:in `call_processors'
  sprockets (3.6.0) lib/sprockets/loader.rb:134:in `load_from_unloaded'
  sprockets (3.6.0) lib/sprockets/loader.rb:60:in `block in load'
  sprockets (3.6.0) lib/sprockets/loader.rb:317:in `fetch_asset_from_dependency_cache'
  sprockets (3.6.0) lib/sprockets/loader.rb:44:in `load'
  sprockets (3.6.0) lib/sprockets/cached_environment.rb:20:in `block in initialize'
  sprockets (3.6.0) lib/sprockets/cached_environment.rb:47:in `load'
  sprockets (3.6.0) lib/sprockets/base.rb:66:in `find_asset'
  sprockets (3.6.0) lib/sprockets/environment.rb:30:in `find_asset'
  sprockets (3.6.0) lib/sprockets/base.rb:92:in `[]'
  sprockets-rails (2.3.3) lib/sprockets/rails/helper.rb:230:in `lookup_asset_for_path'
  sprockets-rails (2.3.3) lib/sprockets/rails/helper.rb:138:in `block in javascript_include_tag'
  sprockets-rails (2.3.3) lib/sprockets/rails/helper.rb:136:in `javascript_include_tag'
  app/views/layouts/application.html.erb:10:in `_app_views_layouts_application_html_erb___4043964665941815887_38559980'
  actionview (4.2.4) lib/action_view/template.rb:145:in `block in render'
  activesupport (4.2.4) lib/active_support/notifications.rb:164:in `block in instrument'
  activesupport (4.2.4) lib/active_support/notifications/instrumenter.rb:20:in `instrument'
  activesupport (4.2.4) lib/active_support/notifications.rb:164:in `instrument'
  actionview (4.2.4) lib/action_view/template.rb:333:in `instrument'
  actionview (4.2.4) lib/action_view/template.rb:143:in `render'
  actionview (4.2.4) lib/action_view/renderer/template_renderer.rb:66:in `render_with_layout'
  actionview (4.2.4) lib/action_view/renderer/template_renderer.rb:52:in `render_template'
  actionview (4.2.4) lib/action_view/renderer/template_renderer.rb:14:in `render'
  actionview (4.2.4) lib/action_view/renderer/renderer.rb:42:in `render_template'
  actionview (4.2.4) lib/action_view/renderer/renderer.rb:23:in `render'
  actionview (4.2.4) lib/action_view/rendering.rb:100:in `_render_template'
  actionpack (4.2.4) lib/action_controller/metal/streaming.rb:217:in `_render_template'
  actionview (4.2.4) lib/action_view/rendering.rb:83:in `render_to_body'
  actionpack (4.2.4) lib/action_controller/metal/rendering.rb:32:in `render_to_body'
  actionpack (4.2.4) lib/action_controller/metal/renderers.rb:37:in `render_to_body'
  actionpack (4.2.4) lib/abstract_controller/rendering.rb:25:in `render'
  actionpack (4.2.4) lib/action_controller/metal/rendering.rb:16:in `render'
  actionpack (4.2.4) lib/action_controller/metal/instrumentation.rb:44:in `block (2 levels) in render'
  activesupport (4.2.4) lib/active_support/core_ext/benchmark.rb:12:in `block in ms'
  /home/kireto/.rvm/rubies/ruby-2.2.2/lib/ruby/2.2.0/benchmark.rb:303:in `realtime'
  activesupport (4.2.4) lib/active_support/core_ext/benchmark.rb:12:in `ms'
  actionpack (4.2.4) lib/action_controller/metal/instrumentation.rb:44:in `block in render'
  actionpack (4.2.4) lib/action_controller/metal/instrumentation.rb:87:in `cleanup_view_runtime'
  activerecord (4.2.4) lib/active_record/railties/controller_runtime.rb:25:in `cleanup_view_runtime'
  actionpack (4.2.4) lib/action_controller/metal/instrumentation.rb:43:in `render'
  refinerycms-pages (3.0.2) lib/refinery/pages/instance_methods.rb:21:in `render'
  app/controllers/static_controller.rb:4:in `index'
  actionpack (4.2.4) lib/action_controller/metal/implicit_render.rb:4:in `send_action'
  actionpack (4.2.4) lib/abstract_controller/base.rb:198:in `process_action'
  actionpack (4.2.4) lib/action_controller/metal/rendering.rb:10:in `process_action'
  actionpack (4.2.4) lib/abstract_controller/callbacks.rb:20:in `block in process_action'
  activesupport (4.2.4) lib/active_support/callbacks.rb:117:in `call'
  activesupport (4.2.4) lib/active_support/callbacks.rb:555:in `block (2 levels) in compile'
  activesupport (4.2.4) lib/active_support/callbacks.rb:505:in `call'
  activesupport (4.2.4) lib/active_support/callbacks.rb:92:in `__run_callbacks__'
  activesupport (4.2.4) lib/active_support/callbacks.rb:778:in `_run_process_action_callbacks'
  activesupport (4.2.4) lib/active_support/callbacks.rb:81:in `run_callbacks'
  actionpack (4.2.4) lib/abstract_controller/callbacks.rb:19:in `process_action'
  actionpack (4.2.4) lib/action_controller/metal/rescue.rb:29:in `process_action'
  actionpack (4.2.4) lib/action_controller/metal/instrumentation.rb:32:in `block in process_action'
  activesupport (4.2.4) lib/active_support/notifications.rb:164:in `block in instrument'
  activesupport (4.2.4) lib/active_support/notifications/instrumenter.rb:20:in `instrument'
  activesupport (4.2.4) lib/active_support/notifications.rb:164:in `instrument'
  actionpack (4.2.4) lib/action_controller/metal/instrumentation.rb:30:in `process_action'
  actionpack (4.2.4) lib/action_controller/metal/params_wrapper.rb:250:in `process_action'
  activerecord (4.2.4) lib/active_record/railties/controller_runtime.rb:18:in `process_action'
  actionpack (4.2.4) lib/abstract_controller/base.rb:137:in `process'
  actionview (4.2.4) lib/action_view/rendering.rb:30:in `process'
  actionpack (4.2.4) lib/action_controller/metal.rb:196:in `dispatch'
  actionpack (4.2.4) lib/action_controller/metal/rack_delegation.rb:13:in `dispatch'
  actionpack (4.2.4) lib/action_controller/metal.rb:237:in `block in action'
  actionpack (4.2.4) lib/action_dispatch/routing/route_set.rb:76:in `dispatch'
  actionpack (4.2.4) lib/action_dispatch/routing/route_set.rb:45:in `serve'
  actionpack (4.2.4) lib/action_dispatch/journey/router.rb:43:in `block in serve'
  actionpack (4.2.4) lib/action_dispatch/journey/router.rb:30:in `serve'
  actionpack (4.2.4) lib/action_dispatch/routing/route_set.rb:821:in `call'
  newrelic_rpm (3.15.1.316) lib/new_relic/agent/instrumentation/middleware_tracing.rb:96:in `call'
  dragonfly (1.0.12) lib/dragonfly/middleware.rb:14:in `call'
  newrelic_rpm (3.15.1.316) lib/new_relic/agent/instrumentation/middleware_tracing.rb:96:in `call'
  dragonfly (1.0.12) lib/dragonfly/middleware.rb:14:in `call'
  newrelic_rpm (3.15.1.316) lib/new_relic/agent/instrumentation/middleware_tracing.rb:96:in `call'
  newrelic_rpm (3.15.1.316) lib/new_relic/rack/agent_hooks.rb:30:in `traced_call'
  newrelic_rpm (3.15.1.316) lib/new_relic/agent/instrumentation/middleware_tracing.rb:96:in `call'
  newrelic_rpm (3.15.1.316) lib/new_relic/rack/browser_monitoring.rb:32:in `traced_call'
  newrelic_rpm (3.15.1.316) lib/new_relic/agent/instrumentation/middleware_tracing.rb:96:in `call'
  rack (1.6.4) lib/rack/etag.rb:24:in `call'
  newrelic_rpm (3.15.1.316) lib/new_relic/agent/instrumentation/middleware_tracing.rb:96:in `call'
  rack (1.6.4) lib/rack/conditionalget.rb:25:in `call'
  newrelic_rpm (3.15.1.316) lib/new_relic/agent/instrumentation/middleware_tracing.rb:96:in `call'
  rack (1.6.4) lib/rack/head.rb:13:in `call'
  newrelic_rpm (3.15.1.316) lib/new_relic/agent/instrumentation/middleware_tracing.rb:96:in `call'
  actionpack (4.2.4) lib/action_dispatch/middleware/params_parser.rb:27:in `call'
  newrelic_rpm (3.15.1.316) lib/new_relic/agent/instrumentation/middleware_tracing.rb:96:in `call'
  actionpack (4.2.4) lib/action_dispatch/middleware/flash.rb:260:in `call'
  newrelic_rpm (3.15.1.316) lib/new_relic/agent/instrumentation/middleware_tracing.rb:96:in `call'
  rack (1.6.4) lib/rack/session/abstract/id.rb:225:in `context'
  rack (1.6.4) lib/rack/session/abstract/id.rb:220:in `call'
  newrelic_rpm (3.15.1.316) lib/new_relic/agent/instrumentation/middleware_tracing.rb:96:in `call'
  actionpack (4.2.4) lib/action_dispatch/middleware/cookies.rb:560:in `call'
  newrelic_rpm (3.15.1.316) lib/new_relic/agent/instrumentation/middleware_tracing.rb:96:in `call'
  activerecord (4.2.4) lib/active_record/query_cache.rb:36:in `call'
  newrelic_rpm (3.15.1.316) lib/new_relic/agent/instrumentation/middleware_tracing.rb:96:in `call'
  activerecord (4.2.4) lib/active_record/connection_adapters/abstract/connection_pool.rb:653:in `call'
  newrelic_rpm (3.15.1.316) lib/new_relic/agent/instrumentation/middleware_tracing.rb:96:in `call'
  actionpack (4.2.4) lib/action_dispatch/middleware/callbacks.rb:29:in `block in call'
  activesupport (4.2.4) lib/active_support/callbacks.rb:88:in `__run_callbacks__'
  activesupport (4.2.4) lib/active_support/callbacks.rb:778:in `_run_call_callbacks'
  activesupport (4.2.4) lib/active_support/callbacks.rb:81:in `run_callbacks'
  actionpack (4.2.4) lib/action_dispatch/middleware/callbacks.rb:27:in `call'
  newrelic_rpm (3.15.1.316) lib/new_relic/agent/instrumentation/middleware_tracing.rb:96:in `call'
  actionpack (4.2.4) lib/action_dispatch/middleware/reloader.rb:73:in `call'
  newrelic_rpm (3.15.1.316) lib/new_relic/agent/instrumentation/middleware_tracing.rb:96:in `call'
  actionpack (4.2.4) lib/action_dispatch/middleware/remote_ip.rb:78:in `call'
  newrelic_rpm (3.15.1.316) lib/new_relic/agent/instrumentation/middleware_tracing.rb:96:in `call'
  better_errors (2.1.1) lib/better_errors/middleware.rb:84:in `protected_app_call'
  better_errors (2.1.1) lib/better_errors/middleware.rb:79:in `better_errors_call'
  better_errors (2.1.1) lib/better_errors/middleware.rb:57:in `call'
  newrelic_rpm (3.15.1.316) lib/new_relic/agent/instrumentation/middleware_tracing.rb:96:in `call'
  actionpack (4.2.4) lib/action_dispatch/middleware/debug_exceptions.rb:17:in `call'
  newrelic_rpm (3.15.1.316) lib/new_relic/agent/instrumentation/middleware_tracing.rb:96:in `call'
  web-console (2.3.0) lib/web_console/middleware.rb:28:in `block in call'
  web-console (2.3.0) lib/web_console/middleware.rb:18:in `call'
  newrelic_rpm (3.15.1.316) lib/new_relic/agent/instrumentation/middleware_tracing.rb:96:in `call'
  actionpack (4.2.4) lib/action_dispatch/middleware/show_exceptions.rb:30:in `call'
  newrelic_rpm (3.15.1.316) lib/new_relic/agent/instrumentation/middleware_tracing.rb:96:in `call'
  railties (4.2.4) lib/rails/rack/logger.rb:38:in `call_app'
  railties (4.2.4) lib/rails/rack/logger.rb:20:in `block in call'
  activesupport (4.2.4) lib/active_support/tagged_logging.rb:68:in `block in tagged'
  activesupport (4.2.4) lib/active_support/tagged_logging.rb:26:in `tagged'
  activesupport (4.2.4) lib/active_support/tagged_logging.rb:68:in `tagged'
  railties (4.2.4) lib/rails/rack/logger.rb:20:in `call'
  newrelic_rpm (3.15.1.316) lib/new_relic/agent/instrumentation/middleware_tracing.rb:96:in `call'
  actionpack (4.2.4) lib/action_dispatch/middleware/request_id.rb:21:in `call'
  newrelic_rpm (3.15.1.316) lib/new_relic/agent/instrumentation/middleware_tracing.rb:96:in `call'
  rack (1.6.4) lib/rack/methodoverride.rb:22:in `call'
  newrelic_rpm (3.15.1.316) lib/new_relic/agent/instrumentation/middleware_tracing.rb:96:in `call'
  rack (1.6.4) lib/rack/runtime.rb:18:in `call'
  newrelic_rpm (3.15.1.316) lib/new_relic/agent/instrumentation/middleware_tracing.rb:96:in `call'
  rack-timeout (0.4.2) lib/rack/timeout/core.rb:122:in `block in call'
  rack-timeout (0.4.2) lib/rack/timeout/support/timeout.rb:19:in `timeout'
  rack-timeout (0.4.2) lib/rack/timeout/core.rb:121:in `call'
  newrelic_rpm (3.15.1.316) lib/new_relic/agent/instrumentation/middleware_tracing.rb:96:in `call'
  dragonfly (1.0.12) lib/dragonfly/cookie_monster.rb:9:in `call'
  newrelic_rpm (3.15.1.316) lib/new_relic/agent/instrumentation/middleware_tracing.rb:96:in `call'
  activesupport (4.2.4) lib/active_support/cache/strategy/local_cache_middleware.rb:28:in `call'
  newrelic_rpm (3.15.1.316) lib/new_relic/agent/instrumentation/middleware_tracing.rb:96:in `call'
  rack (1.6.4) lib/rack/lock.rb:17:in `call'
  newrelic_rpm (3.15.1.316) lib/new_relic/agent/instrumentation/middleware_tracing.rb:96:in `call'
  rack (1.6.4) lib/rack/sendfile.rb:113:in `call'
  newrelic_rpm (3.15.1.316) lib/new_relic/agent/instrumentation/middleware_tracing.rb:96:in `call'
  railties (4.2.4) lib/rails/engine.rb:518:in `call'
  railties (4.2.4) lib/rails/application.rb:165:in `call'
  railties (4.2.4) lib/rails/railtie.rb:194:in `method_missing'
  newrelic_rpm (3.15.1.316) lib/new_relic/agent/instrumentation/middleware_tracing.rb:96:in `call'
  rack (1.6.4) lib/rack/lock.rb:17:in `call'
  rack (1.6.4) lib/rack/content_length.rb:15:in `call'
  rack (1.6.4) lib/rack/handler/webrick.rb:88:in `service'
  /home/kireto/.rvm/rubies/ruby-2.2.2/lib/ruby/2.2.0/webrick/httpserver.rb:138:in `service'
  /home/kireto/.rvm/rubies/ruby-2.2.2/lib/ruby/2.2.0/webrick/httpserver.rb:94:in `run'
  /home/kireto/.rvm/rubies/ruby-2.2.2/lib/ruby/2.2.0/webrick/server.rb:294:in `block in start_thread'

source=rack-timeout id=a3ead9851b0a0c62b6797e1ded53fc70 timeout=15000ms service=1756ms state=completed
source=rack-timeout id=4f043dd2b52fd3f274e7b92a08148945 timeout=15000ms state=ready
source=rack-timeout id=4f043dd2b52fd3f274e7b92a08148945 timeout=15000ms service=1ms state=active


Started POST "/__better_errors/de5d3011cb1117be/variables" for ::1 at 2016-04-06 22:38:23 +0300
source=rack-timeout id=4f043dd2b52fd3f274e7b92a08148945 timeout=15000ms service=87ms state=completed


Started GET "/" for ::1 at 2016-04-06 22:40:13 +0300

ActionController::RoutingError - uninitialized constant ActionController::Responder:
  actionpack (4.2.4) lib/action_dispatch/routing/route_set.rb:65:in `rescue in controller'
  actionpack (4.2.4) lib/action_dispatch/routing/route_set.rb:60:in `controller'
  actionpack (4.2.4) lib/action_dispatch/routing/route_set.rb:41:in `serve'
  actionpack (4.2.4) lib/action_dispatch/journey/router.rb:43:in `block in serve'
  actionpack (4.2.4) lib/action_dispatch/journey/router.rb:30:in `serve'
  actionpack (4.2.4) lib/action_dispatch/routing/route_set.rb:821:in `call'
  rack (1.6.4) lib/rack/etag.rb:24:in `call'
  rack (1.6.4) lib/rack/conditionalget.rb:25:in `call'
  rack (1.6.4) lib/rack/head.rb:13:in `call'
  actionpack (4.2.4) lib/action_dispatch/middleware/params_parser.rb:27:in `call'
  actionpack (4.2.4) lib/action_dispatch/middleware/flash.rb:260:in `call'
  rack (1.6.4) lib/rack/session/abstract/id.rb:225:in `context'
  rack (1.6.4) lib/rack/session/abstract/id.rb:220:in `call'
  actionpack (4.2.4) lib/action_dispatch/middleware/cookies.rb:560:in `call'
  activerecord (4.2.4) lib/active_record/query_cache.rb:36:in `call'
  activerecord (4.2.4) lib/active_record/connection_adapters/abstract/connection_pool.rb:653:in `call'
  actionpack (4.2.4) lib/action_dispatch/middleware/callbacks.rb:29:in `block in call'
  activesupport (4.2.4) lib/active_support/callbacks.rb:88:in `__run_callbacks__'
  activesupport (4.2.4) lib/active_support/callbacks.rb:778:in `_run_call_callbacks'
  activesupport (4.2.4) lib/active_support/callbacks.rb:81:in `run_callbacks'
  actionpack (4.2.4) lib/action_dispatch/middleware/callbacks.rb:27:in `call'
  actionpack (4.2.4) lib/action_dispatch/middleware/reloader.rb:73:in `call'
  actionpack (4.2.4) lib/action_dispatch/middleware/remote_ip.rb:78:in `call'
  better_errors (2.1.1) lib/better_errors/middleware.rb:84:in `protected_app_call'
  better_errors (2.1.1) lib/better_errors/middleware.rb:79:in `better_errors_call'
  better_errors (2.1.1) lib/better_errors/middleware.rb:57:in `call'
  actionpack (4.2.4) lib/action_dispatch/middleware/debug_exceptions.rb:17:in `call'
  web-console (2.3.0) lib/web_console/middleware.rb:28:in `block in call'
  web-console (2.3.0) lib/web_console/middleware.rb:18:in `call'
  actionpack (4.2.4) lib/action_dispatch/middleware/show_exceptions.rb:30:in `call'
  railties (4.2.4) lib/rails/rack/logger.rb:38:in `call_app'
  railties (4.2.4) lib/rails/rack/logger.rb:20:in `block in call'
  activesupport (4.2.4) lib/active_support/tagged_logging.rb:68:in `block in tagged'
  activesupport (4.2.4) lib/active_support/tagged_logging.rb:26:in `tagged'
  activesupport (4.2.4) lib/active_support/tagged_logging.rb:68:in `tagged'
  railties (4.2.4) lib/rails/rack/logger.rb:20:in `call'
  actionpack (4.2.4) lib/action_dispatch/middleware/request_id.rb:21:in `call'
  rack (1.6.4) lib/rack/methodoverride.rb:22:in `call'
  rack (1.6.4) lib/rack/runtime.rb:18:in `call'
  activesupport (4.2.4) lib/active_support/cache/strategy/local_cache_middleware.rb:28:in `call'
  rack (1.6.4) lib/rack/lock.rb:17:in `call'
  rack (1.6.4) lib/rack/sendfile.rb:113:in `call'
  railties (4.2.4) lib/rails/engine.rb:518:in `call'
  railties (4.2.4) lib/rails/application.rb:165:in `call'
  rack (1.6.4) lib/rack/lock.rb:17:in `call'
  rack (1.6.4) lib/rack/content_length.rb:15:in `call'
  rack (1.6.4) lib/rack/handler/webrick.rb:88:in `service'
  /home/kireto/.rvm/rubies/ruby-2.2.2/lib/ruby/2.2.0/webrick/httpserver.rb:138:in `service'
  /home/kireto/.rvm/rubies/ruby-2.2.2/lib/ruby/2.2.0/webrick/httpserver.rb:94:in `run'
  /home/kireto/.rvm/rubies/ruby-2.2.2/lib/ruby/2.2.0/webrick/server.rb:294:in `block in start_thread'



Started POST "/__better_errors/cdfcbf859418fdd1/variables" for ::1 at 2016-04-06 22:40:13 +0300

NameError (wrong local variable name `#$!' for #<Binding:0x00000005004290>):
  better_errors (2.1.1) lib/better_errors/stack_frame.rb:73:in `local_variable_get'
  better_errors (2.1.1) lib/better_errors/stack_frame.rb:73:in `block in local_variables'
  better_errors (2.1.1) lib/better_errors/stack_frame.rb:71:in `each'
  better_errors (2.1.1) lib/better_errors/stack_frame.rb:71:in `each_with_object'
  better_errors (2.1.1) lib/better_errors/stack_frame.rb:71:in `local_variables'
  (erubis:52:in `render'
  erubis (2.7.0) lib/erubis/evaluator.rb:65:in `eval'
  erubis (2.7.0) lib/erubis/evaluator.rb:65:in `result'
  better_errors (2.1.1) lib/better_errors/error_page.rb:30:in `render'
  better_errors (2.1.1) lib/better_errors/error_page.rb:37:in `do_variables'
  better_errors (2.1.1) lib/better_errors/middleware.rb:132:in `internal_call'
  better_errors (2.1.1) lib/better_errors/middleware.rb:75:in `better_errors_call'
  better_errors (2.1.1) lib/better_errors/middleware.rb:57:in `call'
  actionpack (4.2.4) lib/action_dispatch/middleware/debug_exceptions.rb:17:in `call'
  web-console (2.3.0) lib/web_console/middleware.rb:28:in `block in call'
  web-console (2.3.0) lib/web_console/middleware.rb:18:in `catch'
  web-console (2.3.0) lib/web_console/middleware.rb:18:in `call'
  actionpack (4.2.4) lib/action_dispatch/middleware/show_exceptions.rb:30:in `call'
  railties (4.2.4) lib/rails/rack/logger.rb:38:in `call_app'
  railties (4.2.4) lib/rails/rack/logger.rb:20:in `block in call'
  activesupport (4.2.4) lib/active_support/tagged_logging.rb:68:in `block in tagged'
  activesupport (4.2.4) lib/active_support/tagged_logging.rb:26:in `tagged'
  activesupport (4.2.4) lib/active_support/tagged_logging.rb:68:in `tagged'
  railties (4.2.4) lib/rails/rack/logger.rb:20:in `call'
  actionpack (4.2.4) lib/action_dispatch/middleware/request_id.rb:21:in `call'
  rack (1.6.4) lib/rack/methodoverride.rb:22:in `call'
  rack (1.6.4) lib/rack/runtime.rb:18:in `call'
  activesupport (4.2.4) lib/active_support/cache/strategy/local_cache_middleware.rb:28:in `call'
  rack (1.6.4) lib/rack/lock.rb:17:in `call'
  rack (1.6.4) lib/rack/sendfile.rb:113:in `call'
  railties (4.2.4) lib/rails/engine.rb:518:in `call'
  railties (4.2.4) lib/rails/application.rb:165:in `call'
  rack (1.6.4) lib/rack/lock.rb:17:in `call'
  rack (1.6.4) lib/rack/content_length.rb:15:in `call'
  rack (1.6.4) lib/rack/handler/webrick.rb:88:in `service'
  /home/kireto/.rvm/rubies/ruby-2.2.2/lib/ruby/2.2.0/webrick/httpserver.rb:138:in `service'
  /home/kireto/.rvm/rubies/ruby-2.2.2/lib/ruby/2.2.0/webrick/httpserver.rb:94:in `run'
  /home/kireto/.rvm/rubies/ruby-2.2.2/lib/ruby/2.2.0/webrick/server.rb:294:in `block in start_thread'


  Rendered /home/kireto/.rvm/gems/ruby-2.2.2/gems/actionpack-4.2.4/lib/action_dispatch/middleware/templates/rescues/_source.erb (6.2ms)
  Rendered /home/kireto/.rvm/gems/ruby-2.2.2/gems/actionpack-4.2.4/lib/action_dispatch/middleware/templates/rescues/_trace.html.erb (5.5ms)
  Rendered /home/kireto/.rvm/gems/ruby-2.2.2/gems/actionpack-4.2.4/lib/action_dispatch/middleware/templates/rescues/_request_and_response.html.erb (2.0ms)
  Rendered /home/kireto/.rvm/gems/ruby-2.2.2/gems/actionpack-4.2.4/lib/action_dispatch/middleware/templates/rescues/diagnostics.html.erb within rescues/layout (38.5ms)
  Rendered /home/kireto/.rvm/gems/ruby-2.2.2/gems/web-console-2.3.0/lib/web_console/templates/_markup.html.erb (0.9ms)
  Rendered /home/kireto/.rvm/gems/ruby-2.2.2/gems/web-console-2.3.0/lib/web_console/templates/_inner_console_markup.html.erb within layouts/inlined_string (0.7ms)
  Rendered /home/kireto/.rvm/gems/ruby-2.2.2/gems/web-console-2.3.0/lib/web_console/templates/_prompt_box_markup.html.erb within layouts/inlined_string (0.6ms)
  Rendered /home/kireto/.rvm/gems/ruby-2.2.2/gems/web-console-2.3.0/lib/web_console/templates/style.css.erb within layouts/inlined_string (0.7ms)
  Rendered /home/kireto/.rvm/gems/ruby-2.2.2/gems/web-console-2.3.0/lib/web_console/templates/console.js.erb within layouts/javascript (33.2ms)
  Rendered /home/kireto/.rvm/gems/ruby-2.2.2/gems/web-console-2.3.0/lib/web_console/templates/main.js.erb within layouts/javascript (0.5ms)
  Rendered /home/kireto/.rvm/gems/ruby-2.2.2/gems/web-console-2.3.0/lib/web_console/templates/error_page.js.erb within layouts/javascript (0.8ms)
  Rendered /home/kireto/.rvm/gems/ruby-2.2.2/gems/web-console-2.3.0/lib/web_console/templates/index.html.erb (60.4ms)
source=rack-timeout id=31ca38128c546ef4c684229eacb8fa2a timeout=15000ms state=ready

source=rack-timeout id=31ca38128c546ef4c684229eacb8fa2a timeout=15000ms service=2ms state=active

Started GET "/" for ::1 at 2016-04-06 22:41:45 +0300
Processing by StaticController#index as HTML
source=rack-timeout id=31ca38128c546ef4c684229eacb8fa2a timeout=15000ms service=1023ms state=active
  Rendered static/index4.html.erb within layouts/application (2.6ms)
Completed 500 Internal Server Error in 1641ms (ActiveRecord: 0.0ms)

Sprockets::FileNotFound - couldn't find file 'bootstrap' with type 'application/javascript':
  sprockets (3.6.0) lib/sprockets/directive_processor.rb:182:in `rescue in block in process_directives'
  sprockets (3.6.0) lib/sprockets/directive_processor.rb:179:in `block in process_directives'
  sprockets (3.6.0) lib/sprockets/directive_processor.rb:178:in `process_directives'
  sprockets (3.6.0) lib/sprockets/directive_processor.rb:83:in `_call'
  sprockets (3.6.0) lib/sprockets/directive_processor.rb:68:in `call'
  sprockets (3.6.0) lib/sprockets/processor_utils.rb:75:in `call_processor'
  sprockets (3.6.0) lib/sprockets/processor_utils.rb:57:in `block in call_processors'
  sprockets (3.6.0) lib/sprockets/processor_utils.rb:56:in `call_processors'
  sprockets (3.6.0) lib/sprockets/loader.rb:134:in `load_from_unloaded'
  sprockets (3.6.0) lib/sprockets/loader.rb:60:in `block in load'
  sprockets (3.6.0) lib/sprockets/loader.rb:317:in `fetch_asset_from_dependency_cache'
  sprockets (3.6.0) lib/sprockets/loader.rb:44:in `load'
  sprockets (3.6.0) lib/sprockets/cached_environment.rb:20:in `block in initialize'
  sprockets (3.6.0) lib/sprockets/cached_environment.rb:47:in `load'
  sprockets (3.6.0) lib/sprockets/bundle.rb:23:in `block in call'
  sprockets (3.6.0) lib/sprockets/utils.rb:183:in `dfs'
  sprockets (3.6.0) lib/sprockets/bundle.rb:24:in `call'
  sprockets (3.6.0) lib/sprockets/processor_utils.rb:75:in `call_processor'
  sprockets (3.6.0) lib/sprockets/processor_utils.rb:57:in `block in call_processors'
  sprockets (3.6.0) lib/sprockets/processor_utils.rb:56:in `call_processors'
  sprockets (3.6.0) lib/sprockets/loader.rb:134:in `load_from_unloaded'
  sprockets (3.6.0) lib/sprockets/loader.rb:60:in `block in load'
  sprockets (3.6.0) lib/sprockets/loader.rb:317:in `fetch_asset_from_dependency_cache'
  sprockets (3.6.0) lib/sprockets/loader.rb:44:in `load'
  sprockets (3.6.0) lib/sprockets/cached_environment.rb:20:in `block in initialize'
  sprockets (3.6.0) lib/sprockets/cached_environment.rb:47:in `load'
  sprockets (3.6.0) lib/sprockets/base.rb:66:in `find_asset'
  sprockets (3.6.0) lib/sprockets/environment.rb:30:in `find_asset'
  sprockets (3.6.0) lib/sprockets/base.rb:92:in `[]'
  sprockets-rails (2.3.3) lib/sprockets/rails/helper.rb:230:in `lookup_asset_for_path'
  sprockets-rails (2.3.3) lib/sprockets/rails/helper.rb:138:in `block in javascript_include_tag'
  sprockets-rails (2.3.3) lib/sprockets/rails/helper.rb:136:in `javascript_include_tag'
  app/views/layouts/application.html.erb:10:in `_app_views_layouts_application_html_erb__1070908672792858361_51073700'
  actionview (4.2.4) lib/action_view/template.rb:145:in `block in render'
  activesupport (4.2.4) lib/active_support/notifications.rb:164:in `block in instrument'
  activesupport (4.2.4) lib/active_support/notifications/instrumenter.rb:20:in `instrument'
  activesupport (4.2.4) lib/active_support/notifications.rb:164:in `instrument'
  actionview (4.2.4) lib/action_view/template.rb:333:in `instrument'
  actionview (4.2.4) lib/action_view/template.rb:143:in `render'
  actionview (4.2.4) lib/action_view/renderer/template_renderer.rb:66:in `render_with_layout'
  actionview (4.2.4) lib/action_view/renderer/template_renderer.rb:52:in `render_template'
  actionview (4.2.4) lib/action_view/renderer/template_renderer.rb:14:in `render'
  actionview (4.2.4) lib/action_view/renderer/renderer.rb:42:in `render_template'
  actionview (4.2.4) lib/action_view/renderer/renderer.rb:23:in `render'
  actionview (4.2.4) lib/action_view/rendering.rb:100:in `_render_template'
  actionpack (4.2.4) lib/action_controller/metal/streaming.rb:217:in `_render_template'
  actionview (4.2.4) lib/action_view/rendering.rb:83:in `render_to_body'
  actionpack (4.2.4) lib/action_controller/metal/rendering.rb:32:in `render_to_body'
  actionpack (4.2.4) lib/action_controller/metal/renderers.rb:37:in `render_to_body'
  actionpack (4.2.4) lib/abstract_controller/rendering.rb:25:in `render'
  actionpack (4.2.4) lib/action_controller/metal/rendering.rb:16:in `render'
  actionpack (4.2.4) lib/action_controller/metal/instrumentation.rb:44:in `block (2 levels) in render'
  activesupport (4.2.4) lib/active_support/core_ext/benchmark.rb:12:in `block in ms'
  /home/kireto/.rvm/rubies/ruby-2.2.2/lib/ruby/2.2.0/benchmark.rb:303:in `realtime'
  activesupport (4.2.4) lib/active_support/core_ext/benchmark.rb:12:in `ms'
  actionpack (4.2.4) lib/action_controller/metal/instrumentation.rb:44:in `block in render'
  actionpack (4.2.4) lib/action_controller/metal/instrumentation.rb:87:in `cleanup_view_runtime'
  activerecord (4.2.4) lib/active_record/railties/controller_runtime.rb:25:in `cleanup_view_runtime'
  actionpack (4.2.4) lib/action_controller/metal/instrumentation.rb:43:in `render'
  refinerycms-pages (3.0.2) lib/refinery/pages/instance_methods.rb:21:in `render'
  app/controllers/static_controller.rb:4:in `index'
  actionpack (4.2.4) lib/action_controller/metal/implicit_render.rb:4:in `send_action'
  actionpack (4.2.4) lib/abstract_controller/base.rb:198:in `process_action'
  actionpack (4.2.4) lib/action_controller/metal/rendering.rb:10:in `process_action'
  actionpack (4.2.4) lib/abstract_controller/callbacks.rb:20:in `block in process_action'
  activesupport (4.2.4) lib/active_support/callbacks.rb:117:in `call'
  activesupport (4.2.4) lib/active_support/callbacks.rb:555:in `block (2 levels) in compile'
  activesupport (4.2.4) lib/active_support/callbacks.rb:505:in `call'
  activesupport (4.2.4) lib/active_support/callbacks.rb:92:in `__run_callbacks__'
  activesupport (4.2.4) lib/active_support/callbacks.rb:778:in `_run_process_action_callbacks'
  activesupport (4.2.4) lib/active_support/callbacks.rb:81:in `run_callbacks'
  actionpack (4.2.4) lib/abstract_controller/callbacks.rb:19:in `process_action'
  actionpack (4.2.4) lib/action_controller/metal/rescue.rb:29:in `process_action'
  actionpack (4.2.4) lib/action_controller/metal/instrumentation.rb:32:in `block in process_action'
  activesupport (4.2.4) lib/active_support/notifications.rb:164:in `block in instrument'
  activesupport (4.2.4) lib/active_support/notifications/instrumenter.rb:20:in `instrument'
  activesupport (4.2.4) lib/active_support/notifications.rb:164:in `instrument'
  actionpack (4.2.4) lib/action_controller/metal/instrumentation.rb:30:in `process_action'
  actionpack (4.2.4) lib/action_controller/metal/params_wrapper.rb:250:in `process_action'
  activerecord (4.2.4) lib/active_record/railties/controller_runtime.rb:18:in `process_action'
  actionpack (4.2.4) lib/abstract_controller/base.rb:137:in `process'
  actionview (4.2.4) lib/action_view/rendering.rb:30:in `process'
  actionpack (4.2.4) lib/action_controller/metal.rb:196:in `dispatch'
  actionpack (4.2.4) lib/action_controller/metal/rack_delegation.rb:13:in `dispatch'
  actionpack (4.2.4) lib/action_controller/metal.rb:237:in `block in action'
  actionpack (4.2.4) lib/action_dispatch/routing/route_set.rb:76:in `dispatch'
  actionpack (4.2.4) lib/action_dispatch/routing/route_set.rb:45:in `serve'
  actionpack (4.2.4) lib/action_dispatch/journey/router.rb:43:in `block in serve'
  actionpack (4.2.4) lib/action_dispatch/journey/router.rb:30:in `serve'
  actionpack (4.2.4) lib/action_dispatch/routing/route_set.rb:821:in `call'
  newrelic_rpm (3.15.1.316) lib/new_relic/agent/instrumentation/middleware_tracing.rb:96:in `call'
  dragonfly (1.0.12) lib/dragonfly/middleware.rb:14:in `call'
  newrelic_rpm (3.15.1.316) lib/new_relic/agent/instrumentation/middleware_tracing.rb:96:in `call'
  dragonfly (1.0.12) lib/dragonfly/middleware.rb:14:in `call'
  newrelic_rpm (3.15.1.316) lib/new_relic/agent/instrumentation/middleware_tracing.rb:96:in `call'
  newrelic_rpm (3.15.1.316) lib/new_relic/rack/agent_hooks.rb:30:in `traced_call'
  newrelic_rpm (3.15.1.316) lib/new_relic/agent/instrumentation/middleware_tracing.rb:96:in `call'
  newrelic_rpm (3.15.1.316) lib/new_relic/rack/browser_monitoring.rb:32:in `traced_call'
  newrelic_rpm (3.15.1.316) lib/new_relic/agent/instrumentation/middleware_tracing.rb:96:in `call'
  rack (1.6.4) lib/rack/etag.rb:24:in `call'
  newrelic_rpm (3.15.1.316) lib/new_relic/agent/instrumentation/middleware_tracing.rb:96:in `call'
  rack (1.6.4) lib/rack/conditionalget.rb:25:in `call'
  newrelic_rpm (3.15.1.316) lib/new_relic/agent/instrumentation/middleware_tracing.rb:96:in `call'
  rack (1.6.4) lib/rack/head.rb:13:in `call'
  newrelic_rpm (3.15.1.316) lib/new_relic/agent/instrumentation/middleware_tracing.rb:96:in `call'
  actionpack (4.2.4) lib/action_dispatch/middleware/params_parser.rb:27:in `call'
  newrelic_rpm (3.15.1.316) lib/new_relic/agent/instrumentation/middleware_tracing.rb:96:in `call'
  actionpack (4.2.4) lib/action_dispatch/middleware/flash.rb:260:in `call'
  newrelic_rpm (3.15.1.316) lib/new_relic/agent/instrumentation/middleware_tracing.rb:96:in `call'
  rack (1.6.4) lib/rack/session/abstract/id.rb:225:in `context'
  rack (1.6.4) lib/rack/session/abstract/id.rb:220:in `call'
  newrelic_rpm (3.15.1.316) lib/new_relic/agent/instrumentation/middleware_tracing.rb:96:in `call'
  actionpack (4.2.4) lib/action_dispatch/middleware/cookies.rb:560:in `call'
  newrelic_rpm (3.15.1.316) lib/new_relic/agent/instrumentation/middleware_tracing.rb:96:in `call'
  activerecord (4.2.4) lib/active_record/query_cache.rb:36:in `call'
  newrelic_rpm (3.15.1.316) lib/new_relic/agent/instrumentation/middleware_tracing.rb:96:in `call'
  activerecord (4.2.4) lib/active_record/connection_adapters/abstract/connection_pool.rb:653:in `call'
  newrelic_rpm (3.15.1.316) lib/new_relic/agent/instrumentation/middleware_tracing.rb:96:in `call'
  actionpack (4.2.4) lib/action_dispatch/middleware/callbacks.rb:29:in `block in call'
  activesupport (4.2.4) lib/active_support/callbacks.rb:88:in `__run_callbacks__'
  activesupport (4.2.4) lib/active_support/callbacks.rb:778:in `_run_call_callbacks'
  activesupport (4.2.4) lib/active_support/callbacks.rb:81:in `run_callbacks'
  actionpack (4.2.4) lib/action_dispatch/middleware/callbacks.rb:27:in `call'
  newrelic_rpm (3.15.1.316) lib/new_relic/agent/instrumentation/middleware_tracing.rb:96:in `call'
  actionpack (4.2.4) lib/action_dispatch/middleware/reloader.rb:73:in `call'
  newrelic_rpm (3.15.1.316) lib/new_relic/agent/instrumentation/middleware_tracing.rb:96:in `call'
  actionpack (4.2.4) lib/action_dispatch/middleware/remote_ip.rb:78:in `call'
  newrelic_rpm (3.15.1.316) lib/new_relic/agent/instrumentation/middleware_tracing.rb:96:in `call'
  better_errors (2.1.1) lib/better_errors/middleware.rb:84:in `protected_app_call'
  better_errors (2.1.1) lib/better_errors/middleware.rb:79:in `better_errors_call'
  better_errors (2.1.1) lib/better_errors/middleware.rb:57:in `call'
  newrelic_rpm (3.15.1.316) lib/new_relic/agent/instrumentation/middleware_tracing.rb:96:in `call'
  actionpack (4.2.4) lib/action_dispatch/middleware/debug_exceptions.rb:17:in `call'
  newrelic_rpm (3.15.1.316) lib/new_relic/agent/instrumentation/middleware_tracing.rb:96:in `call'
  web-console (2.3.0) lib/web_console/middleware.rb:28:in `block in call'
  web-console (2.3.0) lib/web_console/middleware.rb:18:in `call'
  newrelic_rpm (3.15.1.316) lib/new_relic/agent/instrumentation/middleware_tracing.rb:96:in `call'
  actionpack (4.2.4) lib/action_dispatch/middleware/show_exceptions.rb:30:in `call'
  newrelic_rpm (3.15.1.316) lib/new_relic/agent/instrumentation/middleware_tracing.rb:96:in `call'
  railties (4.2.4) lib/rails/rack/logger.rb:38:in `call_app'
  railties (4.2.4) lib/rails/rack/logger.rb:20:in `block in call'
  activesupport (4.2.4) lib/active_support/tagged_logging.rb:68:in `block in tagged'
  activesupport (4.2.4) lib/active_support/tagged_logging.rb:26:in `tagged'
  activesupport (4.2.4) lib/active_support/tagged_logging.rb:68:in `tagged'
  railties (4.2.4) lib/rails/rack/logger.rb:20:in `call'
  newrelic_rpm (3.15.1.316) lib/new_relic/agent/instrumentation/middleware_tracing.rb:96:in `call'
  actionpack (4.2.4) lib/action_dispatch/middleware/request_id.rb:21:in `call'
  newrelic_rpm (3.15.1.316) lib/new_relic/agent/instrumentation/middleware_tracing.rb:96:in `call'
  rack (1.6.4) lib/rack/methodoverride.rb:22:in `call'
  newrelic_rpm (3.15.1.316) lib/new_relic/agent/instrumentation/middleware_tracing.rb:96:in `call'
  rack (1.6.4) lib/rack/runtime.rb:18:in `call'
  newrelic_rpm (3.15.1.316) lib/new_relic/agent/instrumentation/middleware_tracing.rb:96:in `call'
  rack-timeout (0.4.2) lib/rack/timeout/core.rb:122:in `block in call'
  rack-timeout (0.4.2) lib/rack/timeout/support/timeout.rb:19:in `timeout'
  rack-timeout (0.4.2) lib/rack/timeout/core.rb:121:in `call'
  newrelic_rpm (3.15.1.316) lib/new_relic/agent/instrumentation/middleware_tracing.rb:96:in `call'
  dragonfly (1.0.12) lib/dragonfly/cookie_monster.rb:9:in `call'
  newrelic_rpm (3.15.1.316) lib/new_relic/agent/instrumentation/middleware_tracing.rb:96:in `call'
  activesupport (4.2.4) lib/active_support/cache/strategy/local_cache_middleware.rb:28:in `call'
  newrelic_rpm (3.15.1.316) lib/new_relic/agent/instrumentation/middleware_tracing.rb:96:in `call'
  rack (1.6.4) lib/rack/lock.rb:17:in `call'
  newrelic_rpm (3.15.1.316) lib/new_relic/agent/instrumentation/middleware_tracing.rb:96:in `call'
  rack (1.6.4) lib/rack/sendfile.rb:113:in `call'
  newrelic_rpm (3.15.1.316) lib/new_relic/agent/instrumentation/middleware_tracing.rb:96:in `call'
  railties (4.2.4) lib/rails/engine.rb:518:in `call'
  railties (4.2.4) lib/rails/application.rb:165:in `call'
  railties (4.2.4) lib/rails/railtie.rb:194:in `method_missing'
  newrelic_rpm (3.15.1.316) lib/new_relic/agent/instrumentation/middleware_tracing.rb:96:in `call'
  rack (1.6.4) lib/rack/lock.rb:17:in `call'
  rack (1.6.4) lib/rack/content_length.rb:15:in `call'
  rack (1.6.4) lib/rack/handler/webrick.rb:88:in `service'
  /home/kireto/.rvm/rubies/ruby-2.2.2/lib/ruby/2.2.0/webrick/httpserver.rb:138:in `service'
  /home/kireto/.rvm/rubies/ruby-2.2.2/lib/ruby/2.2.0/webrick/httpserver.rb:94:in `run'
  /home/kireto/.rvm/rubies/ruby-2.2.2/lib/ruby/2.2.0/webrick/server.rb:294:in `block in start_thread'

source=rack-timeout id=31ca38128c546ef4c684229eacb8fa2a timeout=15000ms service=1721ms state=completed
source=rack-timeout id=5bd8e189053fd1a48eedc2db5c31fda3 timeout=15000ms state=ready
source=rack-timeout id=5bd8e189053fd1a48eedc2db5c31fda3 timeout=15000ms service=0ms state=active


Started POST "/__better_errors/3e9af8053f8cf18b/variables" for ::1 at 2016-04-06 22:41:47 +0300
source=rack-timeout id=5bd8e189053fd1a48eedc2db5c31fda3 timeout=15000ms service=73ms state=completed


Started GET "/" for ::1 at 2016-04-06 22:42:28 +0300
Processing by StaticController#index as HTML
  Rendered static/index4.html.erb within layouts/application (3.0ms)
Completed 200 OK in 674ms (Views: 673.1ms | ActiveRecord: 0.0ms)


Started GET "/assets/jquery.self.js?body=1" for ::1 at 2016-04-06 22:42:28 +0300


Started GET "/assets/jquery_ujs.self.js?body=1" for ::1 at 2016-04-06 22:42:28 +0300


Started GET "/assets/jquery-ui/core.self.js?body=1" for ::1 at 2016-04-06 22:42:28 +0300


Started GET "/assets/jquery-ui/position.self.js?body=1" for ::1 at 2016-04-06 22:42:28 +0300


Started GET "/assets/jquery-ui/autocomplete.self.js?body=1" for ::1 at 2016-04-06 22:42:28 +0300


Started GET "/assets/jquery-ui/menu.self.js?body=1" for ::1 at 2016-04-06 22:42:28 +0300


Started GET "/assets/jquery-ui/widget.self.js?body=1" for ::1 at 2016-04-06 22:42:29 +0300


Started GET "/assets/jquery-ui/effect.self.js?body=1" for ::1 at 2016-04-06 22:42:29 +0300


Started GET "/assets/jquery-ui/mouse.self.js?body=1" for ::1 at 2016-04-06 22:42:29 +0300


Started GET "/assets/jquery-ui/sortable.self.js?body=1" for ::1 at 2016-04-06 22:42:29 +0300


Started GET "/assets/autocomplete-rails.self.js?body=1" for ::1 at 2016-04-06 22:42:29 +0300


Started GET "/assets/bootstrap.self.js?body=1" for ::1 at 2016-04-06 22:42:29 +0300


Started GET "/assets/application.self.js?body=1" for ::1 at 2016-04-06 22:42:29 +0300


Started GET "/assets/cocoon.self.js?body=1" for ::1 at 2016-04-06 22:42:29 +0300


Started GET "/" for ::1 at 2016-04-06 22:43:14 +0300
Processing by StaticController#index as HTML
  Rendered static/index4.html.erb within layouts/application (2.4ms)
Completed 500 Internal Server Error in 278ms (ActiveRecord: 0.0ms)

Sprockets::FileNotFound - couldn't find file 'autocomplete-rails' with type 'application/javascript':
  sprockets (3.6.0) lib/sprockets/directive_processor.rb:182:in `rescue in block in process_directives'
  sprockets (3.6.0) lib/sprockets/directive_processor.rb:179:in `block in process_directives'
  sprockets (3.6.0) lib/sprockets/directive_processor.rb:178:in `process_directives'
  sprockets (3.6.0) lib/sprockets/directive_processor.rb:83:in `_call'
  sprockets (3.6.0) lib/sprockets/directive_processor.rb:68:in `call'
  sprockets (3.6.0) lib/sprockets/processor_utils.rb:75:in `call_processor'
  sprockets (3.6.0) lib/sprockets/processor_utils.rb:57:in `block in call_processors'
  sprockets (3.6.0) lib/sprockets/processor_utils.rb:56:in `call_processors'
  sprockets (3.6.0) lib/sprockets/loader.rb:134:in `load_from_unloaded'
  sprockets (3.6.0) lib/sprockets/loader.rb:60:in `block in load'
  sprockets (3.6.0) lib/sprockets/loader.rb:317:in `fetch_asset_from_dependency_cache'
  sprockets (3.6.0) lib/sprockets/loader.rb:44:in `load'
  sprockets (3.6.0) lib/sprockets/cached_environment.rb:20:in `block in initialize'
  sprockets (3.6.0) lib/sprockets/cached_environment.rb:47:in `load'
  sprockets (3.6.0) lib/sprockets/bundle.rb:23:in `block in call'
  sprockets (3.6.0) lib/sprockets/utils.rb:183:in `dfs'
  sprockets (3.6.0) lib/sprockets/bundle.rb:24:in `call'
  sprockets (3.6.0) lib/sprockets/processor_utils.rb:75:in `call_processor'
  sprockets (3.6.0) lib/sprockets/processor_utils.rb:57:in `block in call_processors'
  sprockets (3.6.0) lib/sprockets/processor_utils.rb:56:in `call_processors'
  sprockets (3.6.0) lib/sprockets/loader.rb:134:in `load_from_unloaded'
  sprockets (3.6.0) lib/sprockets/loader.rb:60:in `block in load'
  sprockets (3.6.0) lib/sprockets/loader.rb:317:in `fetch_asset_from_dependency_cache'
  sprockets (3.6.0) lib/sprockets/loader.rb:44:in `load'
  sprockets (3.6.0) lib/sprockets/cached_environment.rb:20:in `block in initialize'
  sprockets (3.6.0) lib/sprockets/cached_environment.rb:47:in `load'
  sprockets (3.6.0) lib/sprockets/base.rb:66:in `find_asset'
  sprockets (3.6.0) lib/sprockets/environment.rb:30:in `find_asset'
  sprockets (3.6.0) lib/sprockets/base.rb:92:in `[]'
  sprockets-rails (2.3.3) lib/sprockets/rails/helper.rb:230:in `lookup_asset_for_path'
  sprockets-rails (2.3.3) lib/sprockets/rails/helper.rb:138:in `block in javascript_include_tag'
  sprockets-rails (2.3.3) lib/sprockets/rails/helper.rb:136:in `javascript_include_tag'
  app/views/layouts/application.html.erb:10:in `_app_views_layouts_application_html_erb__3249244163614564466_36722860'
  actionview (4.2.4) lib/action_view/template.rb:145:in `block in render'
  activesupport (4.2.4) lib/active_support/notifications.rb:166:in `instrument'
  actionview (4.2.4) lib/action_view/template.rb:333:in `instrument'
  actionview (4.2.4) lib/action_view/template.rb:143:in `render'
  actionview (4.2.4) lib/action_view/renderer/template_renderer.rb:66:in `render_with_layout'
  actionview (4.2.4) lib/action_view/renderer/template_renderer.rb:52:in `render_template'
  actionview (4.2.4) lib/action_view/renderer/template_renderer.rb:14:in `render'
  actionview (4.2.4) lib/action_view/renderer/renderer.rb:42:in `render_template'
  actionview (4.2.4) lib/action_view/renderer/renderer.rb:23:in `render'
  actionview (4.2.4) lib/action_view/rendering.rb:100:in `_render_template'
  actionpack (4.2.4) lib/action_controller/metal/streaming.rb:217:in `_render_template'
  actionview (4.2.4) lib/action_view/rendering.rb:83:in `render_to_body'
  actionpack (4.2.4) lib/action_controller/metal/rendering.rb:32:in `render_to_body'
  actionpack (4.2.4) lib/action_controller/metal/renderers.rb:37:in `render_to_body'
  actionpack (4.2.4) lib/abstract_controller/rendering.rb:25:in `render'
  actionpack (4.2.4) lib/action_controller/metal/rendering.rb:16:in `render'
  actionpack (4.2.4) lib/action_controller/metal/instrumentation.rb:44:in `block (2 levels) in render'
  activesupport (4.2.4) lib/active_support/core_ext/benchmark.rb:12:in `block in ms'
  /home/kireto/.rvm/rubies/ruby-2.2.2/lib/ruby/2.2.0/benchmark.rb:303:in `realtime'
  activesupport (4.2.4) lib/active_support/core_ext/benchmark.rb:12:in `ms'
  actionpack (4.2.4) lib/action_controller/metal/instrumentation.rb:44:in `block in render'
  actionpack (4.2.4) lib/action_controller/metal/instrumentation.rb:87:in `cleanup_view_runtime'
  activerecord (4.2.4) lib/active_record/railties/controller_runtime.rb:25:in `cleanup_view_runtime'
  actionpack (4.2.4) lib/action_controller/metal/instrumentation.rb:43:in `render'
  app/controllers/static_controller.rb:4:in `index'
  actionpack (4.2.4) lib/action_controller/metal/implicit_render.rb:4:in `send_action'
  actionpack (4.2.4) lib/abstract_controller/base.rb:198:in `process_action'
  actionpack (4.2.4) lib/action_controller/metal/rendering.rb:10:in `process_action'
  actionpack (4.2.4) lib/abstract_controller/callbacks.rb:20:in `block in process_action'
  activesupport (4.2.4) lib/active_support/callbacks.rb:88:in `__run_callbacks__'
  activesupport (4.2.4) lib/active_support/callbacks.rb:778:in `_run_process_action_callbacks'
  activesupport (4.2.4) lib/active_support/callbacks.rb:81:in `run_callbacks'
  actionpack (4.2.4) lib/abstract_controller/callbacks.rb:19:in `process_action'
  actionpack (4.2.4) lib/action_controller/metal/rescue.rb:29:in `process_action'
  actionpack (4.2.4) lib/action_controller/metal/instrumentation.rb:32:in `block in process_action'
  activesupport (4.2.4) lib/active_support/notifications.rb:164:in `block in instrument'
  activesupport (4.2.4) lib/active_support/notifications/instrumenter.rb:20:in `instrument'
  activesupport (4.2.4) lib/active_support/notifications.rb:164:in `instrument'
  actionpack (4.2.4) lib/action_controller/metal/instrumentation.rb:30:in `process_action'
  actionpack (4.2.4) lib/action_controller/metal/params_wrapper.rb:250:in `process_action'
  activerecord (4.2.4) lib/active_record/railties/controller_runtime.rb:18:in `process_action'
  actionpack (4.2.4) lib/abstract_controller/base.rb:137:in `process'
  actionview (4.2.4) lib/action_view/rendering.rb:30:in `process'
  actionpack (4.2.4) lib/action_controller/metal.rb:196:in `dispatch'
  actionpack (4.2.4) lib/action_controller/metal/rack_delegation.rb:13:in `dispatch'
  actionpack (4.2.4) lib/action_controller/metal.rb:237:in `block in action'
  actionpack (4.2.4) lib/action_dispatch/routing/route_set.rb:76:in `dispatch'
  actionpack (4.2.4) lib/action_dispatch/routing/route_set.rb:45:in `serve'
  actionpack (4.2.4) lib/action_dispatch/journey/router.rb:43:in `block in serve'
  actionpack (4.2.4) lib/action_dispatch/journey/router.rb:30:in `serve'
  actionpack (4.2.4) lib/action_dispatch/routing/route_set.rb:821:in `call'
  rack (1.6.4) lib/rack/etag.rb:24:in `call'
  rack (1.6.4) lib/rack/conditionalget.rb:25:in `call'
  rack (1.6.4) lib/rack/head.rb:13:in `call'
  actionpack (4.2.4) lib/action_dispatch/middleware/params_parser.rb:27:in `call'
  actionpack (4.2.4) lib/action_dispatch/middleware/flash.rb:260:in `call'
  rack (1.6.4) lib/rack/session/abstract/id.rb:225:in `context'
  rack (1.6.4) lib/rack/session/abstract/id.rb:220:in `call'
  actionpack (4.2.4) lib/action_dispatch/middleware/cookies.rb:560:in `call'
  activerecord (4.2.4) lib/active_record/query_cache.rb:36:in `call'
  activerecord (4.2.4) lib/active_record/connection_adapters/abstract/connection_pool.rb:653:in `call'
  actionpack (4.2.4) lib/action_dispatch/middleware/callbacks.rb:29:in `block in call'
  activesupport (4.2.4) lib/active_support/callbacks.rb:88:in `__run_callbacks__'
  activesupport (4.2.4) lib/active_support/callbacks.rb:778:in `_run_call_callbacks'
  activesupport (4.2.4) lib/active_support/callbacks.rb:81:in `run_callbacks'
  actionpack (4.2.4) lib/action_dispatch/middleware/callbacks.rb:27:in `call'
  actionpack (4.2.4) lib/action_dispatch/middleware/reloader.rb:73:in `call'
  actionpack (4.2.4) lib/action_dispatch/middleware/remote_ip.rb:78:in `call'
  better_errors (2.1.1) lib/better_errors/middleware.rb:84:in `protected_app_call'
  better_errors (2.1.1) lib/better_errors/middleware.rb:79:in `better_errors_call'
  better_errors (2.1.1) lib/better_errors/middleware.rb:57:in `call'
  actionpack (4.2.4) lib/action_dispatch/middleware/debug_exceptions.rb:17:in `call'
  web-console (2.3.0) lib/web_console/middleware.rb:28:in `block in call'
  web-console (2.3.0) lib/web_console/middleware.rb:18:in `call'
  actionpack (4.2.4) lib/action_dispatch/middleware/show_exceptions.rb:30:in `call'
  railties (4.2.4) lib/rails/rack/logger.rb:38:in `call_app'
  railties (4.2.4) lib/rails/rack/logger.rb:20:in `block in call'
  activesupport (4.2.4) lib/active_support/tagged_logging.rb:68:in `block in tagged'
  activesupport (4.2.4) lib/active_support/tagged_logging.rb:26:in `tagged'
  activesupport (4.2.4) lib/active_support/tagged_logging.rb:68:in `tagged'
  railties (4.2.4) lib/rails/rack/logger.rb:20:in `call'
  actionpack (4.2.4) lib/action_dispatch/middleware/request_id.rb:21:in `call'
  rack (1.6.4) lib/rack/methodoverride.rb:22:in `call'
  rack (1.6.4) lib/rack/runtime.rb:18:in `call'
  activesupport (4.2.4) lib/active_support/cache/strategy/local_cache_middleware.rb:28:in `call'
  rack (1.6.4) lib/rack/lock.rb:17:in `call'
  rack (1.6.4) lib/rack/sendfile.rb:113:in `call'
  railties (4.2.4) lib/rails/engine.rb:518:in `call'
  railties (4.2.4) lib/rails/application.rb:165:in `call'
  rack (1.6.4) lib/rack/lock.rb:17:in `call'
  rack (1.6.4) lib/rack/content_length.rb:15:in `call'
  rack (1.6.4) lib/rack/handler/webrick.rb:88:in `service'
  /home/kireto/.rvm/rubies/ruby-2.2.2/lib/ruby/2.2.0/webrick/httpserver.rb:138:in `service'
  /home/kireto/.rvm/rubies/ruby-2.2.2/lib/ruby/2.2.0/webrick/httpserver.rb:94:in `run'
  /home/kireto/.rvm/rubies/ruby-2.2.2/lib/ruby/2.2.0/webrick/server.rb:294:in `block in start_thread'



Started POST "/__better_errors/80588cba77434cfc/variables" for ::1 at 2016-04-06 22:43:14 +0300


Started GET "/" for ::1 at 2016-04-06 22:43:44 +0300
Processing by StaticController#index as HTML
  Rendered static/index4.html.erb within layouts/application (1.9ms)
Completed 500 Internal Server Error in 250ms (ActiveRecord: 0.0ms)

Sprockets::FileNotFound - couldn't find file 'cocoon' with type 'application/javascript':
  sprockets (3.6.0) lib/sprockets/directive_processor.rb:182:in `rescue in block in process_directives'
  sprockets (3.6.0) lib/sprockets/directive_processor.rb:179:in `block in process_directives'
  sprockets (3.6.0) lib/sprockets/directive_processor.rb:178:in `process_directives'
  sprockets (3.6.0) lib/sprockets/directive_processor.rb:83:in `_call'
  sprockets (3.6.0) lib/sprockets/directive_processor.rb:68:in `call'
  sprockets (3.6.0) lib/sprockets/processor_utils.rb:75:in `call_processor'
  sprockets (3.6.0) lib/sprockets/processor_utils.rb:57:in `block in call_processors'
  sprockets (3.6.0) lib/sprockets/processor_utils.rb:56:in `call_processors'
  sprockets (3.6.0) lib/sprockets/loader.rb:134:in `load_from_unloaded'
  sprockets (3.6.0) lib/sprockets/loader.rb:60:in `block in load'
  sprockets (3.6.0) lib/sprockets/loader.rb:317:in `fetch_asset_from_dependency_cache'
  sprockets (3.6.0) lib/sprockets/loader.rb:44:in `load'
  sprockets (3.6.0) lib/sprockets/cached_environment.rb:20:in `block in initialize'
  sprockets (3.6.0) lib/sprockets/cached_environment.rb:47:in `load'
  sprockets (3.6.0) lib/sprockets/bundle.rb:23:in `block in call'
  sprockets (3.6.0) lib/sprockets/utils.rb:183:in `dfs'
  sprockets (3.6.0) lib/sprockets/bundle.rb:24:in `call'
  sprockets (3.6.0) lib/sprockets/processor_utils.rb:75:in `call_processor'
  sprockets (3.6.0) lib/sprockets/processor_utils.rb:57:in `block in call_processors'
  sprockets (3.6.0) lib/sprockets/processor_utils.rb:56:in `call_processors'
  sprockets (3.6.0) lib/sprockets/loader.rb:134:in `load_from_unloaded'
  sprockets (3.6.0) lib/sprockets/loader.rb:60:in `block in load'
  sprockets (3.6.0) lib/sprockets/loader.rb:317:in `fetch_asset_from_dependency_cache'
  sprockets (3.6.0) lib/sprockets/loader.rb:44:in `load'
  sprockets (3.6.0) lib/sprockets/cached_environment.rb:20:in `block in initialize'
  sprockets (3.6.0) lib/sprockets/cached_environment.rb:47:in `load'
  sprockets (3.6.0) lib/sprockets/base.rb:66:in `find_asset'
  sprockets (3.6.0) lib/sprockets/environment.rb:30:in `find_asset'
  sprockets (3.6.0) lib/sprockets/base.rb:92:in `[]'
  sprockets-rails (2.3.3) lib/sprockets/rails/helper.rb:230:in `lookup_asset_for_path'
  sprockets-rails (2.3.3) lib/sprockets/rails/helper.rb:138:in `block in javascript_include_tag'
  sprockets-rails (2.3.3) lib/sprockets/rails/helper.rb:136:in `javascript_include_tag'
  app/views/layouts/application.html.erb:10:in `_app_views_layouts_application_html_erb___4045908384171883098_36595640'
  actionview (4.2.4) lib/action_view/template.rb:145:in `block in render'
  activesupport (4.2.4) lib/active_support/notifications.rb:166:in `instrument'
  actionview (4.2.4) lib/action_view/template.rb:333:in `instrument'
  actionview (4.2.4) lib/action_view/template.rb:143:in `render'
  actionview (4.2.4) lib/action_view/renderer/template_renderer.rb:66:in `render_with_layout'
  actionview (4.2.4) lib/action_view/renderer/template_renderer.rb:52:in `render_template'
  actionview (4.2.4) lib/action_view/renderer/template_renderer.rb:14:in `render'
  actionview (4.2.4) lib/action_view/renderer/renderer.rb:42:in `render_template'
  actionview (4.2.4) lib/action_view/renderer/renderer.rb:23:in `render'
  actionview (4.2.4) lib/action_view/rendering.rb:100:in `_render_template'
  actionpack (4.2.4) lib/action_controller/metal/streaming.rb:217:in `_render_template'
  actionview (4.2.4) lib/action_view/rendering.rb:83:in `render_to_body'
  actionpack (4.2.4) lib/action_controller/metal/rendering.rb:32:in `render_to_body'
  actionpack (4.2.4) lib/action_controller/metal/renderers.rb:37:in `render_to_body'
  actionpack (4.2.4) lib/abstract_controller/rendering.rb:25:in `render'
  actionpack (4.2.4) lib/action_controller/metal/rendering.rb:16:in `render'
  actionpack (4.2.4) lib/action_controller/metal/instrumentation.rb:44:in `block (2 levels) in render'
  activesupport (4.2.4) lib/active_support/core_ext/benchmark.rb:12:in `block in ms'
  /home/kireto/.rvm/rubies/ruby-2.2.2/lib/ruby/2.2.0/benchmark.rb:303:in `realtime'
  activesupport (4.2.4) lib/active_support/core_ext/benchmark.rb:12:in `ms'
  actionpack (4.2.4) lib/action_controller/metal/instrumentation.rb:44:in `block in render'
  actionpack (4.2.4) lib/action_controller/metal/instrumentation.rb:87:in `cleanup_view_runtime'
  activerecord (4.2.4) lib/active_record/railties/controller_runtime.rb:25:in `cleanup_view_runtime'
  actionpack (4.2.4) lib/action_controller/metal/instrumentation.rb:43:in `render'
  app/controllers/static_controller.rb:4:in `index'
  actionpack (4.2.4) lib/action_controller/metal/implicit_render.rb:4:in `send_action'
  actionpack (4.2.4) lib/abstract_controller/base.rb:198:in `process_action'
  actionpack (4.2.4) lib/action_controller/metal/rendering.rb:10:in `process_action'
  actionpack (4.2.4) lib/abstract_controller/callbacks.rb:20:in `block in process_action'
  activesupport (4.2.4) lib/active_support/callbacks.rb:88:in `__run_callbacks__'
  activesupport (4.2.4) lib/active_support/callbacks.rb:778:in `_run_process_action_callbacks'
  activesupport (4.2.4) lib/active_support/callbacks.rb:81:in `run_callbacks'
  actionpack (4.2.4) lib/abstract_controller/callbacks.rb:19:in `process_action'
  actionpack (4.2.4) lib/action_controller/metal/rescue.rb:29:in `process_action'
  actionpack (4.2.4) lib/action_controller/metal/instrumentation.rb:32:in `block in process_action'
  activesupport (4.2.4) lib/active_support/notifications.rb:164:in `block in instrument'
  activesupport (4.2.4) lib/active_support/notifications/instrumenter.rb:20:in `instrument'
  activesupport (4.2.4) lib/active_support/notifications.rb:164:in `instrument'
  actionpack (4.2.4) lib/action_controller/metal/instrumentation.rb:30:in `process_action'
  actionpack (4.2.4) lib/action_controller/metal/params_wrapper.rb:250:in `process_action'
  activerecord (4.2.4) lib/active_record/railties/controller_runtime.rb:18:in `process_action'
  actionpack (4.2.4) lib/abstract_controller/base.rb:137:in `process'
  actionview (4.2.4) lib/action_view/rendering.rb:30:in `process'
  actionpack (4.2.4) lib/action_controller/metal.rb:196:in `dispatch'
  actionpack (4.2.4) lib/action_controller/metal/rack_delegation.rb:13:in `dispatch'
  actionpack (4.2.4) lib/action_controller/metal.rb:237:in `block in action'
  actionpack (4.2.4) lib/action_dispatch/routing/route_set.rb:76:in `dispatch'
  actionpack (4.2.4) lib/action_dispatch/routing/route_set.rb:45:in `serve'
  actionpack (4.2.4) lib/action_dispatch/journey/router.rb:43:in `block in serve'
  actionpack (4.2.4) lib/action_dispatch/journey/router.rb:30:in `serve'
  actionpack (4.2.4) lib/action_dispatch/routing/route_set.rb:821:in `call'
  rack (1.6.4) lib/rack/etag.rb:24:in `call'
  rack (1.6.4) lib/rack/conditionalget.rb:25:in `call'
  rack (1.6.4) lib/rack/head.rb:13:in `call'
  actionpack (4.2.4) lib/action_dispatch/middleware/params_parser.rb:27:in `call'
  actionpack (4.2.4) lib/action_dispatch/middleware/flash.rb:260:in `call'
  rack (1.6.4) lib/rack/session/abstract/id.rb:225:in `context'
  rack (1.6.4) lib/rack/session/abstract/id.rb:220:in `call'
  actionpack (4.2.4) lib/action_dispatch/middleware/cookies.rb:560:in `call'
  activerecord (4.2.4) lib/active_record/query_cache.rb:36:in `call'
  activerecord (4.2.4) lib/active_record/connection_adapters/abstract/connection_pool.rb:653:in `call'
  actionpack (4.2.4) lib/action_dispatch/middleware/callbacks.rb:29:in `block in call'
  activesupport (4.2.4) lib/active_support/callbacks.rb:88:in `__run_callbacks__'
  activesupport (4.2.4) lib/active_support/callbacks.rb:778:in `_run_call_callbacks'
  activesupport (4.2.4) lib/active_support/callbacks.rb:81:in `run_callbacks'
  actionpack (4.2.4) lib/action_dispatch/middleware/callbacks.rb:27:in `call'
  actionpack (4.2.4) lib/action_dispatch/middleware/reloader.rb:73:in `call'
  actionpack (4.2.4) lib/action_dispatch/middleware/remote_ip.rb:78:in `call'
  better_errors (2.1.1) lib/better_errors/middleware.rb:84:in `protected_app_call'
  better_errors (2.1.1) lib/better_errors/middleware.rb:79:in `better_errors_call'
  better_errors (2.1.1) lib/better_errors/middleware.rb:57:in `call'
  actionpack (4.2.4) lib/action_dispatch/middleware/debug_exceptions.rb:17:in `call'
  web-console (2.3.0) lib/web_console/middleware.rb:28:in `block in call'
  web-console (2.3.0) lib/web_console/middleware.rb:18:in `call'
  actionpack (4.2.4) lib/action_dispatch/middleware/show_exceptions.rb:30:in `call'
  railties (4.2.4) lib/rails/rack/logger.rb:38:in `call_app'
  railties (4.2.4) lib/rails/rack/logger.rb:20:in `block in call'
  activesupport (4.2.4) lib/active_support/tagged_logging.rb:68:in `block in tagged'
  activesupport (4.2.4) lib/active_support/tagged_logging.rb:26:in `tagged'
  activesupport (4.2.4) lib/active_support/tagged_logging.rb:68:in `tagged'
  railties (4.2.4) lib/rails/rack/logger.rb:20:in `call'
  actionpack (4.2.4) lib/action_dispatch/middleware/request_id.rb:21:in `call'
  rack (1.6.4) lib/rack/methodoverride.rb:22:in `call'
  rack (1.6.4) lib/rack/runtime.rb:18:in `call'
  activesupport (4.2.4) lib/active_support/cache/strategy/local_cache_middleware.rb:28:in `call'
  rack (1.6.4) lib/rack/lock.rb:17:in `call'
  rack (1.6.4) lib/rack/sendfile.rb:113:in `call'
  railties (4.2.4) lib/rails/engine.rb:518:in `call'
  railties (4.2.4) lib/rails/application.rb:165:in `call'
  rack (1.6.4) lib/rack/lock.rb:17:in `call'
  rack (1.6.4) lib/rack/content_length.rb:15:in `call'
  rack (1.6.4) lib/rack/handler/webrick.rb:88:in `service'
  /home/kireto/.rvm/rubies/ruby-2.2.2/lib/ruby/2.2.0/webrick/httpserver.rb:138:in `service'
  /home/kireto/.rvm/rubies/ruby-2.2.2/lib/ruby/2.2.0/webrick/httpserver.rb:94:in `run'
  /home/kireto/.rvm/rubies/ruby-2.2.2/lib/ruby/2.2.0/webrick/server.rb:294:in `block in start_thread'



Started POST "/__better_errors/ad9436936a1a7123/variables" for ::1 at 2016-04-06 22:43:44 +0300


Started GET "/" for ::1 at 2016-04-06 22:44:07 +0300
Processing by StaticController#index as HTML
  Rendered static/index4.html.erb within layouts/application (2.3ms)
Completed 200 OK in 513ms (Views: 512.4ms | ActiveRecord: 0.0ms)


Started GET "/assets/jquery.self.js?body=1" for ::1 at 2016-04-06 22:44:08 +0300


Started GET "/assets/jquery_ujs.self.js?body=1" for ::1 at 2016-04-06 22:44:08 +0300


Started GET "/assets/jquery-ui/core.self.js?body=1" for ::1 at 2016-04-06 22:44:08 +0300


Started GET "/assets/jquery-ui/widget.self.js?body=1" for ::1 at 2016-04-06 22:44:08 +0300


Started GET "/assets/jquery-ui/position.self.js?body=1" for ::1 at 2016-04-06 22:44:08 +0300


Started GET "/assets/jquery-ui/menu.self.js?body=1" for ::1 at 2016-04-06 22:44:08 +0300


Started GET "/assets/jquery-ui/autocomplete.self.js?body=1" for ::1 at 2016-04-06 22:44:08 +0300


Started GET "/assets/jquery-ui/effect.self.js?body=1" for ::1 at 2016-04-06 22:44:08 +0300


Started GET "/assets/jquery-ui/mouse.self.js?body=1" for ::1 at 2016-04-06 22:44:08 +0300


Started GET "/assets/jquery-ui/sortable.self.js?body=1" for ::1 at 2016-04-06 22:44:08 +0300


Started GET "/assets/bootstrap.self.js?body=1" for ::1 at 2016-04-06 22:44:08 +0300


Started GET "/assets/application.self.js?body=1" for ::1 at 2016-04-06 22:44:08 +0300
